Wed, 20 Oct 2021 11:42:05-run_all_case.py-run_all_case.py-[line:58]-INFO-[日志信息]: ==================================2021-10-20 11:42:05===================================
Wed, 20 Oct 2021 11:42:11-run_all_case.py-test_login.py-[line:54]-INFO-[日志信息]: 开始执行脚本test_companyRegister:

Wed, 20 Oct 2021 11:42:15-run_all_case.py-test_personalInfoReg.py-[line:34]-INFO-[日志信息]: 开始执行脚本test_infoReg:

Wed, 20 Oct 2021 11:42:25-run_all_case.py-test_businessInfoReg.py-[line:37]-INFO-[日志信息]: 开始执行脚本test_businessInforReg:

Wed, 20 Oct 2021 11:42:29-run_all_case.py-test_backStage_examine.py-[line:25]-INFO-[日志信息]: 开始执行脚本test_backstage_examine:

Wed, 20 Oct 2021 11:42:32-run_all_case.py-test_backStage_authentication.py-[line:176]-INFO-[日志信息]: 开始执行脚本test_backStageActCreate:

Wed, 20 Oct 2021 11:42:35-run_all_case.py-test_backStage_authentication.py-[line:292]-INFO-[日志信息]: 开始执行脚本test_backStage_authentication:

Wed, 20 Oct 2021 11:42:35-run_all_case.py-test_backStage_authentication.py-[line:295]-INFO-[日志信息]: 开始执行脚本test_backStage_authentication:

Wed, 20 Oct 2021 11:42:39-run_all_case.py-test_Tripartite_interaction.py-[line:144]-INFO-[日志信息]: 开始执行脚本test_Tripartite_interaction:

Wed, 20 Oct 2021 11:45:05-run_all_case.py-run_all_case.py-[line:58]-INFO-[日志信息]: ==================================2021-10-20 11:45:05===================================
Wed, 20 Oct 2021 11:45:06-run_all_case.py-test_login.py-[line:54]-INFO-[日志信息]: 开始执行脚本test_companyRegister:

Wed, 20 Oct 2021 16:48:13-run_all_case.py-run_all_case.py-[line:58]-INFO-[日志信息]: ==================================2021-10-20 16:48:13===================================
Wed, 20 Oct 2021 16:48:47-run_all_case.py-run_all_case.py-[line:58]-INFO-[日志信息]: ==================================2021-10-20 16:48:47===================================
Wed, 20 Oct 2021 16:51:36-run_all_case.py-run_all_case.py-[line:58]-INFO-[日志信息]: ==================================2021-10-20 16:51:36===================================
Wed, 20 Oct 2021 16:52:04-run_all_case.py-run_all_case.py-[line:58]-INFO-[日志信息]: ==================================2021-10-20 16:52:04===================================
Wed, 20 Oct 2021 16:52:39-run_all_case.py-run_all_case.py-[line:58]-INFO-[日志信息]: ==================================2021-10-20 16:52:39===================================
Wed, 20 Oct 2021 16:53:04-run_all_case.py-run_all_case.py-[line:58]-INFO-[日志信息]: ==================================2021-10-20 16:53:04===================================
Wed, 20 Oct 2021 16:55:46-run_all_case.py-run_all_case.py-[line:58]-INFO-[日志信息]: ==================================2021-10-20 16:55:46===================================
Wed, 20 Oct 2021 16:57:12-run_all_case.py-run_all_case.py-[line:58]-INFO-[日志信息]: ==================================2021-10-20 16:57:12===================================
Wed, 20 Oct 2021 16:58:56-run_all_case.py-run_all_case.py-[line:58]-INFO-[日志信息]: ==================================2021-10-20 16:58:56===================================
Wed, 20 Oct 2021 16:59:28-run_all_case.py-run_all_case.py-[line:58]-INFO-[日志信息]: ==================================2021-10-20 16:59:28===================================
Wed, 20 Oct 2021 17:00:46-run_all_case.py-run_all_case.py-[line:58]-INFO-[日志信息]: ==================================2021-10-20 17:00:46===================================
Wed, 20 Oct 2021 17:01:32-run_all_case.py-run_all_case.py-[line:58]-INFO-[日志信息]: ==================================2021-10-20 17:01:32===================================
Wed, 20 Oct 2021 17:01:33-run_all_case.py-test_login.py-[line:54]-INFO-[日志信息]: 开始执行脚本test_companyRegister:

Wed, 20 Oct 2021 17:03:00-run_all_case.py-run_all_case.py-[line:58]-INFO-[日志信息]: ==================================2021-10-20 17:03:00===================================
Wed, 20 Oct 2021 17:03:52-run_all_case.py-run_all_case.py-[line:58]-INFO-[日志信息]: ==================================2021-10-20 17:03:52===================================
Wed, 20 Oct 2021 17:04:30-run_all_case.py-run_all_case.py-[line:58]-INFO-[日志信息]: ==================================2021-10-20 17:04:30===================================
Wed, 20 Oct 2021 17:04:59-run_all_case.py-run_all_case.py-[line:58]-INFO-[日志信息]: ==================================2021-10-20 17:04:59===================================
Wed, 20 Oct 2021 17:05:00-run_all_case.py-test_jenkinsDebug.py-[line:16]-INFO-[日志信息]: 开始执行脚本test_baidu:

Wed, 20 Oct 2021 17:06:03-run_all_case.py-run_all_case.py-[line:58]-INFO-[日志信息]: ==================================2021-10-20 17:06:03===================================
Wed, 20 Oct 2021 17:06:04-run_all_case.py-test_jenkinsDebug.py-[line:16]-INFO-[日志信息]: 开始执行脚本test_baidu:

Wed, 20 Oct 2021 17:06:16-run_all_case.py-run_all_case.py-[line:58]-INFO-[日志信息]: ==================================2021-10-20 17:06:16===================================
Wed, 20 Oct 2021 17:06:17-run_all_case.py-test_jenkinsDebug.py-[line:16]-INFO-[日志信息]: 开始执行脚本test_baidu:

Wed, 20 Oct 2021 17:12:09-run_all_case.py-run_all_case.py-[line:58]-INFO-[日志信息]: ==================================2021-10-20 17:12:09===================================
Wed, 20 Oct 2021 17:21:18-run_all_case.py-run_all_case.py-[line:58]-INFO-[日志信息]: ==================================2021-10-20 17:21:18===================================
Wed, 20 Oct 2021 17:24:28-run_all_case.py-run_all_case.py-[line:58]-INFO-[日志信息]: ==================================2021-10-20 17:24:28===================================
Wed, 20 Oct 2021 17:24:34-test_baidu-Assert.py-[line:124]-INFO-[日志信息]: except_result = actul_result, except_result is 登录, actul_result is 登录
