Sat, 09 Oct 2021 09:07:45-run_all_case.py-run_all_case.py-[line:58]-INFO-[日志信息]: ==================================2021-10-09 09:07:45===================================
Sat, 09 Oct 2021 09:07:45-run_all_case.py-test_login.py-[line:54]-INFO-[日志信息]: 开始执行脚本test_companyRegister:

Sat, 09 Oct 2021 09:07:49-run_all_case.py-test_personalInfoReg.py-[line:34]-INFO-[日志信息]: 开始执行脚本test_infoReg:

Sat, 09 Oct 2021 09:07:59-run_all_case.py-test_businessInfoReg.py-[line:37]-INFO-[日志信息]: 开始执行脚本test_businessInforReg:

Sat, 09 Oct 2021 09:08:02-run_all_case.py-test_backStage_examine.py-[line:25]-INFO-[日志信息]: 开始执行脚本test_backstage_examine:

Sat, 09 Oct 2021 09:08:04-run_all_case.py-test_backStage_authentication.py-[line:176]-INFO-[日志信息]: 开始执行脚本test_backStageActCreate:

Sat, 09 Oct 2021 09:08:07-run_all_case.py-test_backStage_authentication.py-[line:292]-INFO-[日志信息]: 开始执行脚本test_backStage_authentication:

Sat, 09 Oct 2021 09:08:07-run_all_case.py-test_backStage_authentication.py-[line:295]-INFO-[日志信息]: 开始执行脚本test_backStage_authentication:

Sat, 09 Oct 2021 09:08:09-run_all_case.py-test_Tripartite_interaction.py-[line:144]-INFO-[日志信息]: 开始执行脚本test_Tripartite_interaction:

Sat, 09 Oct 2021 09:08:32-run_all_case.py-run_all_case.py-[line:58]-INFO-[日志信息]: ==================================2021-10-09 09:08:32===================================
Sat, 09 Oct 2021 09:08:33-run_all_case.py-run_all_case.py-[line:58]-INFO-[日志信息]: ==================================2021-10-09 09:08:33===================================
Sat, 09 Oct 2021 09:08:33-run_all_case.py-test_login.py-[line:54]-INFO-[日志信息]: 开始执行脚本test_companyRegister:

Sat, 09 Oct 2021 09:08:36-run_all_case.py-test_personalInfoReg.py-[line:34]-INFO-[日志信息]: 开始执行脚本test_infoReg:

Sat, 09 Oct 2021 09:08:46-run_all_case.py-test_businessInfoReg.py-[line:37]-INFO-[日志信息]: 开始执行脚本test_businessInforReg:

Sat, 09 Oct 2021 09:08:49-run_all_case.py-test_backStage_examine.py-[line:25]-INFO-[日志信息]: 开始执行脚本test_backstage_examine:

Sat, 09 Oct 2021 09:08:51-run_all_case.py-test_backStage_authentication.py-[line:176]-INFO-[日志信息]: 开始执行脚本test_backStageActCreate:

Sat, 09 Oct 2021 09:08:54-run_all_case.py-test_backStage_authentication.py-[line:292]-INFO-[日志信息]: 开始执行脚本test_backStage_authentication:

Sat, 09 Oct 2021 09:08:54-run_all_case.py-test_backStage_authentication.py-[line:295]-INFO-[日志信息]: 开始执行脚本test_backStage_authentication:

Sat, 09 Oct 2021 09:08:57-run_all_case.py-test_Tripartite_interaction.py-[line:144]-INFO-[日志信息]: 开始执行脚本test_Tripartite_interaction:

Sat, 09 Oct 2021 09:17:20-run_all_case.py-run_all_case.py-[line:58]-INFO-[日志信息]: ==================================2021-10-09 09:17:20===================================
Sat, 09 Oct 2021 09:17:21-run_all_case.py-test_login.py-[line:54]-INFO-[日志信息]: 开始执行脚本test_companyRegister:

Sat, 09 Oct 2021 09:17:24-run_all_case.py-test_personalInfoReg.py-[line:34]-INFO-[日志信息]: 开始执行脚本test_infoReg:

Sat, 09 Oct 2021 09:17:34-run_all_case.py-test_businessInfoReg.py-[line:37]-INFO-[日志信息]: 开始执行脚本test_businessInforReg:

Sat, 09 Oct 2021 09:17:36-run_all_case.py-test_backStage_examine.py-[line:25]-INFO-[日志信息]: 开始执行脚本test_backstage_examine:

Sat, 09 Oct 2021 09:17:39-run_all_case.py-test_backStage_authentication.py-[line:176]-INFO-[日志信息]: 开始执行脚本test_backStageActCreate:

Sat, 09 Oct 2021 09:17:41-run_all_case.py-test_backStage_authentication.py-[line:292]-INFO-[日志信息]: 开始执行脚本test_backStage_authentication:

Sat, 09 Oct 2021 09:17:42-run_all_case.py-test_backStage_authentication.py-[line:295]-INFO-[日志信息]: 开始执行脚本test_backStage_authentication:

Sat, 09 Oct 2021 09:17:44-run_all_case.py-test_Tripartite_interaction.py-[line:144]-INFO-[日志信息]: 开始执行脚本test_Tripartite_interaction:

Sat, 09 Oct 2021 09:18:01-run_all_case.py-run_all_case.py-[line:58]-INFO-[日志信息]: ==================================2021-10-09 09:18:01===================================
Sat, 09 Oct 2021 09:18:02-run_all_case.py-test_login.py-[line:54]-INFO-[日志信息]: 开始执行脚本test_companyRegister:

Sat, 09 Oct 2021 09:18:04-run_all_case.py-test_personalInfoReg.py-[line:34]-INFO-[日志信息]: 开始执行脚本test_infoReg:

Sat, 09 Oct 2021 09:18:15-run_all_case.py-test_businessInfoReg.py-[line:37]-INFO-[日志信息]: 开始执行脚本test_businessInforReg:

Sat, 09 Oct 2021 09:18:17-run_all_case.py-test_backStage_examine.py-[line:25]-INFO-[日志信息]: 开始执行脚本test_backstage_examine:

Sat, 09 Oct 2021 09:18:20-run_all_case.py-test_backStage_authentication.py-[line:176]-INFO-[日志信息]: 开始执行脚本test_backStageActCreate:

Sat, 09 Oct 2021 09:18:22-run_all_case.py-test_backStage_authentication.py-[line:292]-INFO-[日志信息]: 开始执行脚本test_backStage_authentication:

Sat, 09 Oct 2021 09:18:22-run_all_case.py-test_backStage_authentication.py-[line:295]-INFO-[日志信息]: 开始执行脚本test_backStage_authentication:

Sat, 09 Oct 2021 09:18:25-run_all_case.py-test_Tripartite_interaction.py-[line:144]-INFO-[日志信息]: 开始执行脚本test_Tripartite_interaction:

Sat, 09 Oct 2021 09:20:53-run_all_case.py-run_all_case.py-[line:58]-INFO-[日志信息]: ==================================2021-10-09 09:20:53===================================
Sat, 09 Oct 2021 09:20:53-run_all_case.py-test_login.py-[line:54]-INFO-[日志信息]: 开始执行脚本test_companyRegister:

Sat, 09 Oct 2021 09:20:56-run_all_case.py-test_personalInfoReg.py-[line:34]-INFO-[日志信息]: 开始执行脚本test_infoReg:

Sat, 09 Oct 2021 09:21:06-run_all_case.py-test_businessInfoReg.py-[line:37]-INFO-[日志信息]: 开始执行脚本test_businessInforReg:

Sat, 09 Oct 2021 09:21:09-run_all_case.py-test_backStage_examine.py-[line:25]-INFO-[日志信息]: 开始执行脚本test_backstage_examine:

Sat, 09 Oct 2021 09:21:11-run_all_case.py-test_backStage_authentication.py-[line:176]-INFO-[日志信息]: 开始执行脚本test_backStageActCreate:

Sat, 09 Oct 2021 09:21:14-run_all_case.py-test_backStage_authentication.py-[line:292]-INFO-[日志信息]: 开始执行脚本test_backStage_authentication:

Sat, 09 Oct 2021 09:21:14-run_all_case.py-test_backStage_authentication.py-[line:295]-INFO-[日志信息]: 开始执行脚本test_backStage_authentication:

Sat, 09 Oct 2021 09:21:17-run_all_case.py-test_Tripartite_interaction.py-[line:144]-INFO-[日志信息]: 开始执行脚本test_Tripartite_interaction:

Sat, 09 Oct 2021 09:36:00-run_all_case.py-run_all_case.py-[line:58]-INFO-[日志信息]: ==================================2021-10-09 09:36:00===================================
Sat, 09 Oct 2021 09:36:01-run_all_case.py-test_login.py-[line:54]-INFO-[日志信息]: 开始执行脚本test_companyRegister:

Sat, 09 Oct 2021 09:36:04-run_all_case.py-test_personalInfoReg.py-[line:34]-INFO-[日志信息]: 开始执行脚本test_infoReg:

Sat, 09 Oct 2021 09:36:14-run_all_case.py-test_businessInfoReg.py-[line:37]-INFO-[日志信息]: 开始执行脚本test_businessInforReg:

Sat, 09 Oct 2021 09:36:17-run_all_case.py-test_backStage_examine.py-[line:25]-INFO-[日志信息]: 开始执行脚本test_backstage_examine:

Sat, 09 Oct 2021 09:36:19-run_all_case.py-test_backStage_authentication.py-[line:176]-INFO-[日志信息]: 开始执行脚本test_backStageActCreate:

Sat, 09 Oct 2021 09:36:22-run_all_case.py-test_backStage_authentication.py-[line:292]-INFO-[日志信息]: 开始执行脚本test_backStage_authentication:

Sat, 09 Oct 2021 09:36:22-run_all_case.py-test_backStage_authentication.py-[line:295]-INFO-[日志信息]: 开始执行脚本test_backStage_authentication:

Sat, 09 Oct 2021 09:36:25-run_all_case.py-test_Tripartite_interaction.py-[line:144]-INFO-[日志信息]: 开始执行脚本test_Tripartite_interaction:

Sat, 09 Oct 2021 09:51:15-run_all_case.py-run_all_case.py-[line:58]-INFO-[日志信息]: ==================================2021-10-09 09:51:15===================================
Sat, 09 Oct 2021 09:51:16-run_all_case.py-test_login.py-[line:54]-INFO-[日志信息]: 开始执行脚本test_companyRegister:

Sat, 09 Oct 2021 09:51:19-run_all_case.py-test_personalInfoReg.py-[line:34]-INFO-[日志信息]: 开始执行脚本test_infoReg:

Sat, 09 Oct 2021 09:51:29-run_all_case.py-test_businessInfoReg.py-[line:37]-INFO-[日志信息]: 开始执行脚本test_businessInforReg:

Sat, 09 Oct 2021 09:51:32-run_all_case.py-test_backStage_examine.py-[line:25]-INFO-[日志信息]: 开始执行脚本test_backstage_examine:

Sat, 09 Oct 2021 09:51:34-run_all_case.py-test_backStage_authentication.py-[line:176]-INFO-[日志信息]: 开始执行脚本test_backStageActCreate:

Sat, 09 Oct 2021 09:51:37-run_all_case.py-test_backStage_authentication.py-[line:292]-INFO-[日志信息]: 开始执行脚本test_backStage_authentication:

Sat, 09 Oct 2021 09:51:37-run_all_case.py-test_backStage_authentication.py-[line:295]-INFO-[日志信息]: 开始执行脚本test_backStage_authentication:

Sat, 09 Oct 2021 09:51:40-run_all_case.py-test_Tripartite_interaction.py-[line:144]-INFO-[日志信息]: 开始执行脚本test_Tripartite_interaction:

Sat, 09 Oct 2021 09:59:38-run_all_case.py-run_all_case.py-[line:58]-INFO-[日志信息]: ==================================2021-10-09 09:59:38===================================
Sat, 09 Oct 2021 09:59:39-run_all_case.py-test_login.py-[line:54]-INFO-[日志信息]: 开始执行脚本test_companyRegister:

Sat, 09 Oct 2021 09:59:42-run_all_case.py-test_personalInfoReg.py-[line:34]-INFO-[日志信息]: 开始执行脚本test_infoReg:

Sat, 09 Oct 2021 09:59:59-run_all_case.py-run_all_case.py-[line:58]-INFO-[日志信息]: ==================================2021-10-09 09:59:59===================================
Sat, 09 Oct 2021 10:00:00-run_all_case.py-test_login.py-[line:54]-INFO-[日志信息]: 开始执行脚本test_companyRegister:

Sat, 09 Oct 2021 10:00:04-run_all_case.py-test_personalInfoReg.py-[line:34]-INFO-[日志信息]: 开始执行脚本test_infoReg:

Sat, 09 Oct 2021 10:00:14-run_all_case.py-test_businessInfoReg.py-[line:37]-INFO-[日志信息]: 开始执行脚本test_businessInforReg:

Sat, 09 Oct 2021 10:00:18-run_all_case.py-test_backStage_examine.py-[line:25]-INFO-[日志信息]: 开始执行脚本test_backstage_examine:

Sat, 09 Oct 2021 10:00:21-run_all_case.py-test_backStage_authentication.py-[line:176]-INFO-[日志信息]: 开始执行脚本test_backStageActCreate:

Sat, 09 Oct 2021 10:00:25-run_all_case.py-test_backStage_authentication.py-[line:292]-INFO-[日志信息]: 开始执行脚本test_backStage_authentication:

Sat, 09 Oct 2021 10:00:25-run_all_case.py-test_backStage_authentication.py-[line:295]-INFO-[日志信息]: 开始执行脚本test_backStage_authentication:

Sat, 09 Oct 2021 10:00:28-run_all_case.py-test_Tripartite_interaction.py-[line:144]-INFO-[日志信息]: 开始执行脚本test_Tripartite_interaction:

Sat, 09 Oct 2021 10:01:19-run_all_case.py-run_all_case.py-[line:58]-INFO-[日志信息]: ==================================2021-10-09 10:01:19===================================
Sat, 09 Oct 2021 10:01:21-run_all_case.py-test_login.py-[line:54]-INFO-[日志信息]: 开始执行脚本test_companyRegister:

Sat, 09 Oct 2021 10:01:24-run_all_case.py-test_personalInfoReg.py-[line:34]-INFO-[日志信息]: 开始执行脚本test_infoReg:

Sat, 09 Oct 2021 10:02:17-run_all_case.py-run_all_case.py-[line:58]-INFO-[日志信息]: ==================================2021-10-09 10:02:17===================================
Sat, 09 Oct 2021 10:02:18-run_all_case.py-test_login.py-[line:54]-INFO-[日志信息]: 开始执行脚本test_companyRegister:

Sat, 09 Oct 2021 10:02:22-run_all_case.py-test_personalInfoReg.py-[line:34]-INFO-[日志信息]: 开始执行脚本test_infoReg:

Sat, 09 Oct 2021 10:03:02-run_all_case.py-run_all_case.py-[line:58]-INFO-[日志信息]: ==================================2021-10-09 10:03:02===================================
Sat, 09 Oct 2021 10:03:03-run_all_case.py-test_login.py-[line:54]-INFO-[日志信息]: 开始执行脚本test_companyRegister:

Sat, 09 Oct 2021 10:03:07-run_all_case.py-test_personalInfoReg.py-[line:34]-INFO-[日志信息]: 开始执行脚本test_infoReg:

Sat, 09 Oct 2021 10:05:33-run_all_case.py-run_all_case.py-[line:58]-INFO-[日志信息]: ==================================2021-10-09 10:05:33===================================
Sat, 09 Oct 2021 10:05:34-run_all_case.py-test_login.py-[line:54]-INFO-[日志信息]: 开始执行脚本test_companyRegister:

Sat, 09 Oct 2021 10:06:08-run_all_case.py-run_all_case.py-[line:58]-INFO-[日志信息]: ==================================2021-10-09 10:06:08===================================
Sat, 09 Oct 2021 10:06:09-run_all_case.py-test_login.py-[line:54]-INFO-[日志信息]: 开始执行脚本test_companyRegister:

Sat, 09 Oct 2021 10:06:24-run_all_case.py-run_all_case.py-[line:58]-INFO-[日志信息]: ==================================2021-10-09 10:06:24===================================
Sat, 09 Oct 2021 10:06:25-run_all_case.py-test_login.py-[line:54]-INFO-[日志信息]: 开始执行脚本test_companyRegister:

Sat, 09 Oct 2021 10:11:04-run_all_case.py-run_all_case.py-[line:58]-INFO-[日志信息]: ==================================2021-10-09 10:11:04===================================
Sat, 09 Oct 2021 10:11:05-run_all_case.py-test_login.py-[line:54]-INFO-[日志信息]: 开始执行脚本test_companyRegister:

Sat, 09 Oct 2021 14:56:07-run_all_case.py-run_all_case.py-[line:58]-INFO-[日志信息]: ==================================2021-10-09 14:56:07===================================
Sat, 09 Oct 2021 14:56:08-run_all_case.py-test_login.py-[line:54]-INFO-[日志信息]: 开始执行脚本test_companyRegister:

Sat, 09 Oct 2021 14:56:16-run_all_case.py-test_login.py-[line:70]-INFO-[日志信息]: 对已注册的账户进行删除操作
Sat, 09 Oct 2021 16:04:12-run_all_case.py-run_all_case.py-[line:58]-INFO-[日志信息]: ==================================2021-10-09 16:04:12===================================
Sat, 09 Oct 2021 16:04:18-run_all_case.py-test_login.py-[line:54]-INFO-[日志信息]: 开始执行脚本test_companyRegister:

Sat, 09 Oct 2021 16:04:26-run_all_case.py-test_login.py-[line:70]-INFO-[日志信息]: 对已注册的账户进行删除操作
Sat, 09 Oct 2021 16:06:50-run_all_case.py-run_all_case.py-[line:58]-INFO-[日志信息]: ==================================2021-10-09 16:06:50===================================
Sat, 09 Oct 2021 16:06:51-run_all_case.py-test_login.py-[line:54]-INFO-[日志信息]: 开始执行脚本test_companyRegister:

Sat, 09 Oct 2021 16:06:59-run_all_case.py-test_login.py-[line:70]-INFO-[日志信息]: 对已注册的账户进行删除操作
Sat, 09 Oct 2021 16:07:30-run_all_case.py-test_personalInfoReg.py-[line:34]-INFO-[日志信息]: 开始执行脚本test_infoReg:

Sat, 09 Oct 2021 16:07:40-run_all_case.py-test_businessInfoReg.py-[line:37]-INFO-[日志信息]: 开始执行脚本test_businessInforReg:

Sat, 09 Oct 2021 16:08:19-run_all_case.py-test_backStage_examine.py-[line:25]-INFO-[日志信息]: 开始执行脚本test_backstage_examine:

Sat, 09 Oct 2021 16:08:30-run_all_case.py-test_backStage_authentication.py-[line:176]-INFO-[日志信息]: 开始执行脚本test_backStageActCreate:

Sat, 09 Oct 2021 16:08:48-run_all_case.py-test_backStage_authentication.py-[line:292]-INFO-[日志信息]: 开始执行脚本test_backStage_authentication:

Sat, 09 Oct 2021 16:08:48-run_all_case.py-test_backStage_authentication.py-[line:295]-INFO-[日志信息]: 开始执行脚本test_backStage_authentication:

Sat, 09 Oct 2021 16:09:29-run_all_case.py-test_Tripartite_interaction.py-[line:144]-INFO-[日志信息]: 开始执行脚本test_Tripartite_interaction:

Sat, 09 Oct 2021 16:09:36-run_all_case.py-test_Tripartite_interaction.py-[line:160]-INFO-[日志信息]: 前端账户登录授信申请
Sat, 09 Oct 2021 17:08:51-run_all_case.py-run_all_case.py-[line:58]-INFO-[日志信息]: ==================================2021-10-09 17:08:51===================================
Sat, 09 Oct 2021 17:08:52-run_all_case.py-test_login.py-[line:54]-INFO-[日志信息]: 开始执行脚本test_companyRegister:

Sat, 09 Oct 2021 17:09:00-run_all_case.py-test_login.py-[line:70]-INFO-[日志信息]: 对已注册的账户进行删除操作
Sat, 09 Oct 2021 17:09:22-run_all_case.py-test_personalInfoReg.py-[line:34]-INFO-[日志信息]: 开始执行脚本test_infoReg:

Sat, 09 Oct 2021 17:09:32-run_all_case.py-test_businessInfoReg.py-[line:37]-INFO-[日志信息]: 开始执行脚本test_businessInforReg:

Sat, 09 Oct 2021 17:09:50-run_all_case.py-test_backStage_examine.py-[line:25]-INFO-[日志信息]: 开始执行脚本test_backstage_examine:

Sat, 09 Oct 2021 17:09:58-run_all_case.py-test_backStage_authentication.py-[line:176]-INFO-[日志信息]: 开始执行脚本test_backStageActCreate:

Sat, 09 Oct 2021 17:10:13-run_all_case.py-test_backStage_authentication.py-[line:292]-INFO-[日志信息]: 开始执行脚本test_backStage_authentication:

Sat, 09 Oct 2021 17:10:13-run_all_case.py-test_backStage_authentication.py-[line:295]-INFO-[日志信息]: 开始执行脚本test_backStage_authentication:

Sat, 09 Oct 2021 17:10:29-run_all_case.py-test_Tripartite_interaction.py-[line:144]-INFO-[日志信息]: 开始执行脚本test_Tripartite_interaction:

