Fri, 08 Oct 2021 17:48:10-run_all_case.py-run_all_case.py-[line:58]-INFO-[日志信息]: ==================================2021-10-08 17:48:10===================================
Fri, 08 Oct 2021 17:48:16-run_all_case.py-test_login.py-[line:54]-INFO-[日志信息]: 开始执行脚本test_companyRegister:

Fri, 08 Oct 2021 17:48:19-run_all_case.py-test_personalInfoReg.py-[line:34]-INFO-[日志信息]: 开始执行脚本test_infoReg:

Fri, 08 Oct 2021 17:48:29-run_all_case.py-test_businessInfoReg.py-[line:37]-INFO-[日志信息]: 开始执行脚本test_businessInforReg:

Fri, 08 Oct 2021 17:48:32-run_all_case.py-test_backStage_examine.py-[line:25]-INFO-[日志信息]: 开始执行脚本test_backstage_examine:

Fri, 08 Oct 2021 17:48:35-run_all_case.py-test_backStage_authentication.py-[line:176]-INFO-[日志信息]: 开始执行脚本test_backStageActCreate:

Fri, 08 Oct 2021 17:48:37-run_all_case.py-test_backStage_authentication.py-[line:292]-INFO-[日志信息]: 开始执行脚本test_backStage_authentication:

Fri, 08 Oct 2021 17:48:37-run_all_case.py-test_backStage_authentication.py-[line:295]-INFO-[日志信息]: 开始执行脚本test_backStage_authentication:

Fri, 08 Oct 2021 17:48:40-run_all_case.py-test_Tripartite_interaction.py-[line:144]-INFO-[日志信息]: 开始执行脚本test_Tripartite_interaction:

Fri, 08 Oct 2021 18:02:46-run_all_case.py-run_all_case.py-[line:58]-INFO-[日志信息]: ==================================2021-10-08 18:02:46===================================
Fri, 08 Oct 2021 18:02:47-run_all_case.py-test_login.py-[line:54]-INFO-[日志信息]: 开始执行脚本test_companyRegister:

Fri, 08 Oct 2021 18:02:49-run_all_case.py-test_personalInfoReg.py-[line:34]-INFO-[日志信息]: 开始执行脚本test_infoReg:

Fri, 08 Oct 2021 18:02:59-run_all_case.py-test_businessInfoReg.py-[line:37]-INFO-[日志信息]: 开始执行脚本test_businessInforReg:

Fri, 08 Oct 2021 18:03:02-run_all_case.py-test_backStage_examine.py-[line:25]-INFO-[日志信息]: 开始执行脚本test_backstage_examine:

Fri, 08 Oct 2021 18:03:05-run_all_case.py-test_backStage_authentication.py-[line:176]-INFO-[日志信息]: 开始执行脚本test_backStageActCreate:

Fri, 08 Oct 2021 18:03:07-run_all_case.py-test_backStage_authentication.py-[line:292]-INFO-[日志信息]: 开始执行脚本test_backStage_authentication:

Fri, 08 Oct 2021 18:03:07-run_all_case.py-test_backStage_authentication.py-[line:295]-INFO-[日志信息]: 开始执行脚本test_backStage_authentication:

Fri, 08 Oct 2021 18:03:10-run_all_case.py-test_Tripartite_interaction.py-[line:144]-INFO-[日志信息]: 开始执行脚本test_Tripartite_interaction:

Fri, 08 Oct 2021 18:04:36-run_all_case.py-run_all_case.py-[line:58]-INFO-[日志信息]: ==================================2021-10-08 18:04:36===================================
Fri, 08 Oct 2021 18:04:37-run_all_case.py-test_login.py-[line:54]-INFO-[日志信息]: 开始执行脚本test_companyRegister:

Fri, 08 Oct 2021 18:04:39-run_all_case.py-test_personalInfoReg.py-[line:34]-INFO-[日志信息]: 开始执行脚本test_infoReg:

Fri, 08 Oct 2021 18:04:49-run_all_case.py-test_businessInfoReg.py-[line:37]-INFO-[日志信息]: 开始执行脚本test_businessInforReg:

Fri, 08 Oct 2021 18:04:52-run_all_case.py-test_backStage_examine.py-[line:25]-INFO-[日志信息]: 开始执行脚本test_backstage_examine:

Fri, 08 Oct 2021 18:04:55-run_all_case.py-test_backStage_authentication.py-[line:176]-INFO-[日志信息]: 开始执行脚本test_backStageActCreate:

Fri, 08 Oct 2021 18:04:57-run_all_case.py-test_backStage_authentication.py-[line:292]-INFO-[日志信息]: 开始执行脚本test_backStage_authentication:

Fri, 08 Oct 2021 18:04:57-run_all_case.py-test_backStage_authentication.py-[line:295]-INFO-[日志信息]: 开始执行脚本test_backStage_authentication:

Fri, 08 Oct 2021 18:05:00-run_all_case.py-test_Tripartite_interaction.py-[line:144]-INFO-[日志信息]: 开始执行脚本test_Tripartite_interaction:

